\BOOKMARK [1][-]{section.1}{Method}{}% 1
\BOOKMARK [1][-]{section.2}{Introduction}{}% 2
\BOOKMARK [1][-]{section.3}{Method}{}% 3
\BOOKMARK [2][-]{subsection.3.1}{System}{section.3}% 4
\BOOKMARK [2][-]{subsection.3.2}{Numerical method}{section.3}% 5
\BOOKMARK [1][-]{appendix.A}{Tables}{}% 6
\BOOKMARK [2][-]{subsection.A.1}{Brute force Metropolis algorithm}{appendix.A}% 7
\BOOKMARK [3][-]{subsubsection.A.1.1}{Analytical 1D}{subsection.A.1}% 8
\BOOKMARK [3][-]{subsubsection.A.1.2}{Analytical 2D}{subsection.A.1}% 9
\BOOKMARK [3][-]{subsubsection.A.1.3}{Analytical 3D}{subsection.A.1}% 10
\BOOKMARK [3][-]{subsubsection.A.1.4}{Numerical 1D}{subsection.A.1}% 11
\BOOKMARK [3][-]{subsubsection.A.1.5}{Numerical 2D}{subsection.A.1}% 12
\BOOKMARK [3][-]{subsubsection.A.1.6}{Numerical 3D}{subsection.A.1}% 13
\BOOKMARK [2][-]{subsection.A.2}{Metropolis algorithm with Importance sampling}{appendix.A}% 14
\BOOKMARK [3][-]{subsubsection.A.2.1}{Analytical 1D}{subsection.A.2}% 15
\BOOKMARK [3][-]{subsubsection.A.2.2}{Analytical 2D}{subsection.A.2}% 16
\BOOKMARK [3][-]{subsubsection.A.2.3}{Analytical 3D}{subsection.A.2}% 17
\BOOKMARK [3][-]{subsubsection.A.2.4}{Numerical 1D}{subsection.A.2}% 18
\BOOKMARK [3][-]{subsubsection.A.2.5}{Numerical 2D}{subsection.A.2}% 19
\BOOKMARK [3][-]{subsubsection.A.2.6}{Numerical 3D}{subsection.A.2}% 20
