Initializing Importance Sampling system...
Starting timer...

[1;44m====================  System Data ====================[1;m
[0;93mNumber of particles:     500[0;m
[0;93mNumber of dimensions:    3[0;m
[0;93mNumber of cycles:        1.0e+06[0;m
[0;93mAlpha:                   0.500000[0;m
[0;93mOmega:                   1.000000[0;m
[0;93mGamma:                   1.000000[0;m
[0;93mStep length:             1.000000[0;m
[0;93mNumber of steps:	       899999[0;m
[0;93mDerivative step:         0.001000[0;m
[1;105m~~~~~~~~~~~~~~~~~~~~~ Results ~~~~~~~~~~~~~~~~~~~~~~~~[1;m
[0;91mExpectation Value:       7.499999e+02[0;m
[0;91mVariance:                -2.572779e-08[0;m
[0;91mAcceptance ratio:        0.871923[0;m
----------------------------------
              Timers              
       Importance Sampling        
----------------------------------
Seconds     : 9641 
Milliseconds: 9641945 
Microseconds: 1052010632 
